<?xml version="1.0" encoding="UTF-8"?>
<testng-results ignored="0" total="492" passed="492" failed="0" skipped="0">
  <reporter-output>
  </reporter-output>
  <suite started-at="2022-10-09T16:56:05 WIB" name="Default suite" finished-at="2022-10-09T19:05:50 WIB" duration-ms="7785020">
    <groups>
      <group name="cucumber">
        <method signature="AbstractTestNGCucumberTests.runScenario(io.cucumber.testng.PickleWrapper,io.cucumber.testng.FeatureWrapper)[pri:0, instance:com.sqa.psikotes.framework.runner.TestRunner@2767e23c]" name="runScenario" class="io.cucumber.testng.AbstractTestNGCucumberTests"/>
      </group> <!-- cucumber -->
    </groups>
    <test started-at="2022-10-09T16:56:05 WIB" name="Default test" finished-at="2022-10-09T19:05:50 WIB" duration-ms="7785020">
      <class name="com.sqa.psikotes.framework.runner.TestRunner">
        <test-method is-config="true" signature="setUpClass(org.testng.ITestContext)[pri:0, instance:com.sqa.psikotes.framework.runner.TestRunner@2767e23c]" started-at="2022-10-09T16:56:05 WIB" name="setUpClass" finished-at="2022-10-09T16:56:06 WIB" duration-ms="1058" status="PASS">
          <params>
            <param index="0">
              <value>
                <![CDATA[org.testng.TestRunner@1f036b7d]]>
              </value>
            </param>
          </params>
          <reporter-output>
          </reporter-output>
        </test-method> <!-- setUpClass -->
        <test-method signature="runScenario(io.cucumber.testng.PickleWrapper,io.cucumber.testng.FeatureWrapper)[pri:0, instance:com.sqa.psikotes.framework.runner.TestRunner@2767e23c]" started-at="2022-10-09T16:56:06 WIB" name="runScenario" description="Runs Cucumber Scenarios" data-provider="scenarios" finished-at="2022-10-09T16:56:15 WIB" duration-ms="9078" status="PASS">
          <params>
            <param index="0">
              <value>
                <![CDATA["TSLP001001 Admin login valid dan menekan tombol sign in"]]>
              </value>
            </param>
            <param index="1">
              <value>
                <![CDATA["TSLP001 Admin login valid ke web"]]>
              </value>
            </param>
          </params>
          <reporter-output>
          </reporter-output>
        </test-method> <!-- runScenario -->
        <test-method signature="runScenario(io.cucumber.testng.PickleWrapper,io.cucumber.testng.FeatureWrapper)[pri:0, instance:com.sqa.psikotes.framework.runner.TestRunner@2767e23c]" started-at="2022-10-09T16:56:15 WIB" name="runScenario" description="Runs Cucumber Scenarios" data-provider="scenarios" finished-at="2022-10-09T16:56:22 WIB" duration-ms="7018" status="PASS">
          <params>
            <param index="0">
              <value>
                <![CDATA["TSLP001002 Admin login valid dan menekan tombol enter (green button) username"]]>
              </value>
            </param>
            <param index="1">
              <value>
                <![CDATA["TSLP001 Admin login valid ke web"]]>
              </value>
            </param>
          </params>
          <reporter-output>
          </reporter-output>
        </test-method> <!-- runScenario -->
        <test-method signature="runScenario(io.cucumber.testng.PickleWrapper,io.cucumber.testng.FeatureWrapper)[pri:0, instance:com.sqa.psikotes.framework.runner.TestRunner@2767e23c]" started-at="2022-10-09T16:56:22 WIB" name="runScenario" description="Runs Cucumber Scenarios" data-provider="scenarios" finished-at="2022-10-09T16:56:29 WIB" duration-ms="6904" status="PASS">
          <params>
            <param index="0">
              <value>
                <![CDATA["TSLP001003 Admin login valid dan menekan tombol enter (green button) password"]]>
              </value>
            </param>
            <param index="1">
              <value>
                <![CDATA["TSLP001 Admin login valid ke web"]]>
              </value>
            </param>
          </params>
          <reporter-output>
          </reporter-output>
        </test-method> <!-- runScenario -->
        <test-method signature="runScenario(io.cucumber.testng.PickleWrapper,io.cucumber.testng.FeatureWrapper)[pri:0, instance:com.sqa.psikotes.framework.runner.TestRunner@2767e23c]" started-at="2022-10-09T16:56:29 WIB" name="runScenario" description="Runs Cucumber Scenarios" data-provider="scenarios" finished-at="2022-10-09T16:56:36 WIB" duration-ms="6998" status="PASS">
          <params>
            <param index="0">
              <value>
                <![CDATA["TSLP001004 Admin login valid dan menekan enter keyboard"]]>
              </value>
            </param>
            <param index="1">
              <value>
                <![CDATA["TSLP001 Admin login valid ke web"]]>
              </value>
            </param>
          </params>
          <reporter-output>
          </reporter-output>
        </test-method> <!-- runScenario -->
        <test-method signature="runScenario(io.cucumber.testng.PickleWrapper,io.cucumber.testng.FeatureWrapper)[pri:0, instance:com.sqa.psikotes.framework.runner.TestRunner@2767e23c]" started-at="2022-10-09T16:56:36 WIB" name="runScenario" description="Runs Cucumber Scenarios" data-provider="scenarios" finished-at="2022-10-09T16:56:42 WIB" duration-ms="6209" status="PASS">
          <params>
            <param index="0">
              <value>
                <![CDATA["TSLPN002001 Admin login invalid dan menekan tombol sign in"]]>
              </value>
            </param>
            <param index="1">
              <value>
                <![CDATA["TSLPN002 Admin login invalid ke web"]]>
              </value>
            </param>
          </params>
          <reporter-output>
          </reporter-output>
        </test-method> <!-- runScenario -->
        <test-method signature="runScenario(io.cucumber.testng.PickleWrapper,io.cucumber.testng.FeatureWrapper)[pri:0, instance:com.sqa.psikotes.framework.runner.TestRunner@2767e23c]" started-at="2022-10-09T16:56:42 WIB" name="runScenario" description="Runs Cucumber Scenarios" data-provider="scenarios" finished-at="2022-10-09T16:56:47 WIB" duration-ms="4803" status="PASS">
          <params>
            <param index="0">
              <value>
                <![CDATA["TSLPN002001 Admin login invalid dan menekan tombol sign in"]]>
              </value>
            </param>
            <param index="1">
              <value>
                <![CDATA["TSLPN002 Admin login invalid ke web"]]>
              </value>
            </param>
          </params>
          <reporter-output>
          </reporter-output>
        </test-method> <!-- runScenario -->
        <test-method signature="runScenario(io.cucumber.testng.PickleWrapper,io.cucumber.testng.FeatureWrapper)[pri:0, instance:com.sqa.psikotes.framework.runner.TestRunner@2767e23c]" started-at="2022-10-09T16:56:47 WIB" name="runScenario" description="Runs Cucumber Scenarios" data-provider="scenarios" finished-at="2022-10-09T16:56:51 WIB" duration-ms="4641" status="PASS">
          <params>
            <param index="0">
              <value>
                <![CDATA["TSLPN002001 Admin login invalid dan menekan tombol sign in"]]>
              </value>
            </param>
            <param index="1">
              <value>
                <![CDATA["TSLPN002 Admin login invalid ke web"]]>
              </value>
            </param>
          </params>
          <reporter-output>
          </reporter-output>
        </test-method> <!-- runScenario -->
        <test-method signature="runScenario(io.cucumber.testng.PickleWrapper,io.cucumber.testng.FeatureWrapper)[pri:0, instance:com.sqa.psikotes.framework.runner.TestRunner@2767e23c]" started-at="2022-10-09T16:56:51 WIB" name="runScenario" description="Runs Cucumber Scenarios" data-provider="scenarios" finished-at="2022-10-09T16:56:56 WIB" duration-ms="4761" status="PASS">
          <params>
            <param index="0">
              <value>
                <![CDATA["TSLPN002001 Admin login invalid dan menekan tombol sign in"]]>
              </value>
            </param>
            <param index="1">
              <value>
                <![CDATA["TSLPN002 Admin login invalid ke web"]]>
              </value>
            </param>
          </params>
          <reporter-output>
          </reporter-output>
        </test-method> <!-- runScenario -->
        <test-method signature="runScenario(io.cucumber.testng.PickleWrapper,io.cucumber.testng.FeatureWrapper)[pri:0, instance:com.sqa.psikotes.framework.runner.TestRunner@2767e23c]" started-at="2022-10-09T16:56:56 WIB" name="runScenario" description="Runs Cucumber Scenarios" data-provider="scenarios" finished-at="2022-10-09T16:57:01 WIB" duration-ms="4689" status="PASS">
          <params>
            <param index="0">
              <value>
                <![CDATA["TSLPN002001 Admin login invalid dan menekan tombol sign in"]]>
              </value>
            </param>
            <param index="1">
              <value>
                <![CDATA["TSLPN002 Admin login invalid ke web"]]>
              </value>
            </param>
          </params>
          <reporter-output>
          </reporter-output>
        </test-method> <!-- runScenario -->
        <test-method signature="runScenario(io.cucumber.testng.PickleWrapper,io.cucumber.testng.FeatureWrapper)[pri:0, instance:com.sqa.psikotes.framework.runner.TestRunner@2767e23c]" started-at="2022-10-09T16:57:01 WIB" name="runScenario" description="Runs Cucumber Scenarios" data-provider="scenarios" finished-at="2022-10-09T16:57:05 WIB" duration-ms="4703" status="PASS">
          <params>
            <param index="0">
              <value>
                <![CDATA["TSLPN002001 Admin login invalid dan menekan tombol sign in"]]>
              </value>
            </param>
            <param index="1">
              <value>
                <![CDATA["TSLPN002 Admin login invalid ke web"]]>
              </value>
            </param>
          </params>
          <reporter-output>
          </reporter-output>
        </test-method> <!-- runScenario -->
        <test-method signature="runScenario(io.cucumber.testng.PickleWrapper,io.cucumber.testng.FeatureWrapper)[pri:0, instance:com.sqa.psikotes.framework.runner.TestRunner@2767e23c]" started-at="2022-10-09T16:57:05 WIB" name="runScenario" description="Runs Cucumber Scenarios" data-provider="scenarios" finished-at="2022-10-09T16:57:10 WIB" duration-ms="4653" status="PASS">
          <params>
            <param index="0">
              <value>
                <![CDATA["TSLPN002002 Admin login invalid dan menekan tombol enter (green button) username"]]>
              </value>
            </param>
            <param index="1">
              <value>
                <![CDATA["TSLPN002 Admin login invalid ke web"]]>
              </value>
            </param>
          </params>
          <reporter-output>
          </reporter-output>
        </test-method> <!-- runScenario -->
        <test-method signature="runScenario(io.cucumber.testng.PickleWrapper,io.cucumber.testng.FeatureWrapper)[pri:0, instance:com.sqa.psikotes.framework.runner.TestRunner@2767e23c]" started-at="2022-10-09T16:57:10 WIB" name="runScenario" description="Runs Cucumber Scenarios" data-provider="scenarios" finished-at="2022-10-09T16:57:15 WIB" duration-ms="4679" status="PASS">
          <params>
            <param index="0">
              <value>
                <![CDATA["TSLPN002002 Admin login invalid dan menekan tombol enter (green button) username"]]>
              </value>
            </param>
            <param index="1">
              <value>
                <![CDATA["TSLPN002 Admin login invalid ke web"]]>
              </value>
            </param>
          </params>
          <reporter-output>
          </reporter-output>
        </test-method> <!-- runScenario -->
        <test-method signature="runScenario(io.cucumber.testng.PickleWrapper,io.cucumber.testng.FeatureWrapper)[pri:0, instance:com.sqa.psikotes.framework.runner.TestRunner@2767e23c]" started-at="2022-10-09T16:57:15 WIB" name="runScenario" description="Runs Cucumber Scenarios" data-provider="scenarios" finished-at="2022-10-09T16:57:19 WIB" duration-ms="4675" status="PASS">
          <params>
            <param index="0">
              <value>
                <![CDATA["TSLPN002002 Admin login invalid dan menekan tombol enter (green button) username"]]>
              </value>
            </param>
            <param index="1">
              <value>
                <![CDATA["TSLPN002 Admin login invalid ke web"]]>
              </value>
            </param>
          </params>
          <reporter-output>
          </reporter-output>
        </test-method> <!-- runScenario -->
        <test-method signature="runScenario(io.cucumber.testng.PickleWrapper,io.cucumber.testng.FeatureWrapper)[pri:0, instance:com.sqa.psikotes.framework.runner.TestRunner@2767e23c]" started-at="2022-10-09T16:57:19 WIB" name="runScenario" description="Runs Cucumber Scenarios" data-provider="scenarios" finished-at="2022-10-09T16:57:24 WIB" duration-ms="4687" status="PASS">
          <params>
            <param index="0">
              <value>
                <![CDATA["TSLPN002002 Admin login invalid dan menekan tombol enter (green button) username"]]>
              </value>
            </param>
            <param index="1">
              <value>
                <![CDATA["TSLPN002 Admin login invalid ke web"]]>
              </value>
            </param>
          </params>
          <reporter-output>
          </reporter-output>
        </test-method> <!-- runScenario -->
        <test-method signature="runScenario(io.cucumber.testng.PickleWrapper,io.cucumber.testng.FeatureWrapper)[pri:0, instance:com.sqa.psikotes.framework.runner.TestRunner@2767e23c]" started-at="2022-10-09T16:57:24 WIB" name="runScenario" description="Runs Cucumber Scenarios" data-provider="scenarios" finished-at="2022-10-09T16:57:29 WIB" duration-ms="4669" status="PASS">
          <params>
            <param index="0">
              <value>
                <![CDATA["TSLPN002002 Admin login invalid dan menekan tombol enter (green button) username"]]>
              </value>
            </param>
            <param index="1">
              <value>
                <![CDATA["TSLPN002 Admin login invalid ke web"]]>
              </value>
            </param>
          </params>
          <reporter-output>
          </reporter-output>
        </test-method> <!-- runScenario -->
        <test-method signature="runScenario(io.cucumber.testng.PickleWrapper,io.cucumber.testng.FeatureWrapper)[pri:0, instance:com.sqa.psikotes.framework.runner.TestRunner@2767e23c]" started-at="2022-10-09T16:57:29 WIB" name="runScenario" description="Runs Cucumber Scenarios" data-provider="scenarios" finished-at="2022-10-09T16:57:34 WIB" duration-ms="4683" status="PASS">
          <params>
            <param index="0">
              <value>
                <![CDATA["TSLPN002002 Admin login invalid dan menekan tombol enter (green button) username"]]>
              </value>
            </param>
            <param index="1">
              <value>
                <![CDATA["TSLPN002 Admin login invalid ke web"]]>
              </value>
            </param>
          </params>
          <reporter-output>
          </reporter-output>
        </test-method> <!-- runScenario -->
        <test-method signature="runScenario(io.cucumber.testng.PickleWrapper,io.cucumber.testng.FeatureWrapper)[pri:0, instance:com.sqa.psikotes.framework.runner.TestRunner@2767e23c]" started-at="2022-10-09T16:57:34 WIB" name="runScenario" description="Runs Cucumber Scenarios" data-provider="scenarios" finished-at="2022-10-09T16:57:38 WIB" duration-ms="4681" status="PASS">
          <params>
            <param index="0">
              <value>
                <![CDATA["TSLPN002003 Admin login invalid dan menekan tombol enter (green button) password"]]>
              </value>
            </param>
            <param index="1">
              <value>
                <![CDATA["TSLPN002 Admin login invalid ke web"]]>
              </value>
            </param>
          </params>
          <reporter-output>
          </reporter-output>
        </test-method> <!-- runScenario -->
        <test-method signature="runScenario(io.cucumber.testng.PickleWrapper,io.cucumber.testng.FeatureWrapper)[pri:0, instance:com.sqa.psikotes.framework.runner.TestRunner@2767e23c]" started-at="2022-10-09T16:57:38 WIB" name="runScenario" description="Runs Cucumber Scenarios" data-provider="scenarios" finished-at="2022-10-09T16:57:43 WIB" duration-ms="4665" status="PASS">
          <params>
            <param index="0">
              <value>
                <![CDATA["TSLPN002003 Admin login invalid dan menekan tombol enter (green button) password"]]>
              </value>
            </param>
            <param index="1">
              <value>
                <![CDATA["TSLPN002 Admin login invalid ke web"]]>
              </value>
            </param>
          </params>
          <reporter-output>
          </reporter-output>
        </test-method> <!-- runScenario -->
        <test-method signature="runScenario(io.cucumber.testng.PickleWrapper,io.cucumber.testng.FeatureWrapper)[pri:0, instance:com.sqa.psikotes.framework.runner.TestRunner@2767e23c]" started-at="2022-10-09T16:57:43 WIB" name="runScenario" description="Runs Cucumber Scenarios" data-provider="scenarios" finished-at="2022-10-09T16:57:48 WIB" duration-ms="4652" status="PASS">
          <params>
            <param index="0">
              <value>
                <![CDATA["TSLPN002003 Admin login invalid dan menekan tombol enter (green button) password"]]>
              </value>
            </param>
            <param index="1">
              <value>
                <![CDATA["TSLPN002 Admin login invalid ke web"]]>
              </value>
            </param>
          </params>
          <reporter-output>
          </reporter-output>
        </test-method> <!-- runScenario -->
        <test-method signature="runScenario(io.cucumber.testng.PickleWrapper,io.cucumber.testng.FeatureWrapper)[pri:0, instance:com.sqa.psikotes.framework.runner.TestRunner@2767e23c]" started-at="2022-10-09T16:57:48 WIB" name="runScenario" description="Runs Cucumber Scenarios" data-provider="scenarios" finished-at="2022-10-09T16:57:52 WIB" duration-ms="4688" status="PASS">
          <params>
            <param index="0">
              <value>
                <![CDATA["TSLPN002003 Admin login invalid dan menekan tombol enter (green button) password"]]>
              </value>
            </param>
            <param index="1">
              <value>
                <![CDATA["TSLPN002 Admin login invalid ke web"]]>
              </value>
            </param>
          </params>
          <reporter-output>
          </reporter-output>
        </test-method> <!-- runScenario -->
        <test-method signature="runScenario(io.cucumber.testng.PickleWrapper,io.cucumber.testng.FeatureWrapper)[pri:0, instance:com.sqa.psikotes.framework.runner.TestRunner@2767e23c]" started-at="2022-10-09T16:57:52 WIB" name="runScenario" description="Runs Cucumber Scenarios" data-provider="scenarios" finished-at="2022-10-09T16:57:57 WIB" duration-ms="4650" status="PASS">
          <params>
            <param index="0">
              <value>
                <![CDATA["TSLPN002003 Admin login invalid dan menekan tombol enter (green button) password"]]>
              </value>
            </param>
            <param index="1">
              <value>
                <![CDATA["TSLPN002 Admin login invalid ke web"]]>
              </value>
            </param>
          </params>
          <reporter-output>
          </reporter-output>
        </test-method> <!-- runScenario -->
        <test-method signature="runScenario(io.cucumber.testng.PickleWrapper,io.cucumber.testng.FeatureWrapper)[pri:0, instance:com.sqa.psikotes.framework.runner.TestRunner@2767e23c]" started-at="2022-10-09T16:57:57 WIB" name="runScenario" description="Runs Cucumber Scenarios" data-provider="scenarios" finished-at="2022-10-09T16:58:02 WIB" duration-ms="4651" status="PASS">
          <params>
            <param index="0">
              <value>
                <![CDATA["TSLPN002003 Admin login invalid dan menekan tombol enter (green button) password"]]>
              </value>
            </param>
            <param index="1">
              <value>
                <![CDATA["TSLPN002 Admin login invalid ke web"]]>
              </value>
            </param>
          </params>
          <reporter-output>
          </reporter-output>
        </test-method> <!-- runScenario -->
        <test-method signature="runScenario(io.cucumber.testng.PickleWrapper,io.cucumber.testng.FeatureWrapper)[pri:0, instance:com.sqa.psikotes.framework.runner.TestRunner@2767e23c]" started-at="2022-10-09T16:58:02 WIB" name="runScenario" description="Runs Cucumber Scenarios" data-provider="scenarios" finished-at="2022-10-09T16:58:10 WIB" duration-ms="8367" status="PASS">
          <params>
            <param index="0">
              <value>
                <![CDATA["TSAP001001 Admin masuk ke halaman admin"]]>
              </value>
            </param>
            <param index="1">
              <value>
                <![CDATA["TSAP001 Masuk halaman admin"]]>
              </value>
            </param>
          </params>
          <reporter-output>
          </reporter-output>
        </test-method> <!-- runScenario -->
        <test-method signature="runScenario(io.cucumber.testng.PickleWrapper,io.cucumber.testng.FeatureWrapper)[pri:0, instance:com.sqa.psikotes.framework.runner.TestRunner@2767e23c]" started-at="2022-10-09T16:58:10 WIB" name="runScenario" description="Runs Cucumber Scenarios" data-provider="scenarios" finished-at="2022-10-09T16:58:19 WIB" duration-ms="8929" status="PASS">
          <params>
            <param index="0">
              <value>
                <![CDATA["TSAP002001 Admin mencari data dengan tombol search"]]>
              </value>
            </param>
            <param index="1">
              <value>
                <![CDATA["TSAP002 Admin Search Data"]]>
              </value>
            </param>
          </params>
          <reporter-output>
          </reporter-output>
        </test-method> <!-- runScenario -->
        <test-method signature="runScenario(io.cucumber.testng.PickleWrapper,io.cucumber.testng.FeatureWrapper)[pri:0, instance:com.sqa.psikotes.framework.runner.TestRunner@2767e23c]" started-at="2022-10-09T16:58:19 WIB" name="runScenario" description="Runs Cucumber Scenarios" data-provider="scenarios" finished-at="2022-10-09T16:58:28 WIB" duration-ms="8830" status="PASS">
          <params>
            <param index="0">
              <value>
                <![CDATA["TSAP002001 Admin mencari data dengan tombol search"]]>
              </value>
            </param>
            <param index="1">
              <value>
                <![CDATA["TSAP002 Admin Search Data"]]>
              </value>
            </param>
          </params>
          <reporter-output>
          </reporter-output>
        </test-method> <!-- runScenario -->
        <test-method signature="runScenario(io.cucumber.testng.PickleWrapper,io.cucumber.testng.FeatureWrapper)[pri:0, instance:com.sqa.psikotes.framework.runner.TestRunner@2767e23c]" started-at="2022-10-09T16:58:28 WIB" name="runScenario" description="Runs Cucumber Scenarios" data-provider="scenarios" finished-at="2022-10-09T16:58:37 WIB" duration-ms="8924" status="PASS">
          <params>
            <param index="0">
              <value>
                <![CDATA["TSAP002001 Admin mencari data dengan tombol search"]]>
              </value>
            </param>
            <param index="1">
              <value>
                <![CDATA["TSAP002 Admin Search Data"]]>
              </value>
            </param>
          </params>
          <reporter-output>
          </reporter-output>
        </test-method> <!-- runScenario -->
        <test-method signature="runScenario(io.cucumber.testng.PickleWrapper,io.cucumber.testng.FeatureWrapper)[pri:0, instance:com.sqa.psikotes.framework.runner.TestRunner@2767e23c]" started-at="2022-10-09T16:58:37 WIB" name="runScenario" description="Runs Cucumber Scenarios" data-provider="scenarios" finished-at="2022-10-09T16:58:45 WIB" duration-ms="8843" status="PASS">
          <params>
            <param index="0">
              <value>
                <![CDATA["TSAP002001 Admin mencari data dengan tombol search"]]>
              </value>
            </param>
            <param index="1">
              <value>
                <![CDATA["TSAP002 Admin Search Data"]]>
              </value>
            </param>
          </params>
          <reporter-output>
          </reporter-output>
        </test-method> <!-- runScenario -->
        <test-method signature="runScenario(io.cucumber.testng.PickleWrapper,io.cucumber.testng.FeatureWrapper)[pri:0, instance:com.sqa.psikotes.framework.runner.TestRunner@2767e23c]" started-at="2022-10-09T16:58:45 WIB" name="runScenario" description="Runs Cucumber Scenarios" data-provider="scenarios" finished-at="2022-10-09T16:58:54 WIB" duration-ms="8801" status="PASS">
          <params>
            <param index="0">
              <value>
                <![CDATA["TSAP002001 Admin mencari data dengan tombol search"]]>
              </value>
            </param>
            <param index="1">
              <value>
                <![CDATA["TSAP002 Admin Search Data"]]>
              </value>
            </param>
          </params>
          <reporter-output>
          </reporter-output>
        </test-method> <!-- runScenario -->
        <test-method signature="runScenario(io.cucumber.testng.PickleWrapper,io.cucumber.testng.FeatureWrapper)[pri:0, instance:com.sqa.psikotes.framework.runner.TestRunner@2767e23c]" started-at="2022-10-09T16:58:54 WIB" name="runScenario" description="Runs Cucumber Scenarios" data-provider="scenarios" finished-at="2022-10-09T16:59:03 WIB" duration-ms="8994" status="PASS">
          <params>
            <param index="0">
              <value>
                <![CDATA["TSAP002001 Admin mencari data dengan tombol search"]]>
              </value>
            </param>
            <param index="1">
              <value>
                <![CDATA["TSAP002 Admin Search Data"]]>
              </value>
            </param>
          </params>
          <reporter-output>
          </reporter-output>
        </test-method> <!-- runScenario -->
        <test-method signature="runScenario(io.cucumber.testng.PickleWrapper,io.cucumber.testng.FeatureWrapper)[pri:0, instance:com.sqa.psikotes.framework.runner.TestRunner@2767e23c]" started-at="2022-10-09T16:59:03 WIB" name="runScenario" description="Runs Cucumber Scenarios" data-provider="scenarios" finished-at="2022-10-09T16:59:12 WIB" duration-ms="8835" status="PASS">
          <params>
            <param index="0">
              <value>
                <![CDATA["TSAP002002 Admin mencari data dengan  tombol enter (green button)"]]>
              </value>
            </param>
            <param index="1">
              <value>
                <![CDATA["TSAP002 Admin Search Data"]]>
              </value>
            </param>
          </params>
          <reporter-output>
          </reporter-output>
        </test-method> <!-- runScenario -->
        <test-method signature="runScenario(io.cucumber.testng.PickleWrapper,io.cucumber.testng.FeatureWrapper)[pri:0, instance:com.sqa.psikotes.framework.runner.TestRunner@2767e23c]" started-at="2022-10-09T16:59:12 WIB" name="runScenario" description="Runs Cucumber Scenarios" data-provider="scenarios" finished-at="2022-10-09T16:59:21 WIB" duration-ms="8923" status="PASS">
          <params>
            <param index="0">
              <value>
                <![CDATA["TSAP002002 Admin mencari data dengan  tombol enter (green button)"]]>
              </value>
            </param>
            <param index="1">
              <value>
                <![CDATA["TSAP002 Admin Search Data"]]>
              </value>
            </param>
          </params>
          <reporter-output>
          </reporter-output>
        </test-method> <!-- runScenario -->
        <test-method signature="runScenario(io.cucumber.testng.PickleWrapper,io.cucumber.testng.FeatureWrapper)[pri:0, instance:com.sqa.psikotes.framework.runner.TestRunner@2767e23c]" started-at="2022-10-09T16:59:21 WIB" name="runScenario" description="Runs Cucumber Scenarios" data-provider="scenarios" finished-at="2022-10-09T16:59:30 WIB" duration-ms="8818" status="PASS">
          <params>
            <param index="0">
              <value>
                <![CDATA["TSAP002002 Admin mencari data dengan  tombol enter (green button)"]]>
              </value>
            </param>
            <param index="1">
              <value>
                <![CDATA["TSAP002 Admin Search Data"]]>
              </value>
            </param>
          </params>
          <reporter-output>
          </reporter-output>
        </test-method> <!-- runScenario -->
        <test-method signature="runScenario(io.cucumber.testng.PickleWrapper,io.cucumber.testng.FeatureWrapper)[pri:0, instance:com.sqa.psikotes.framework.runner.TestRunner@2767e23c]" started-at="2022-10-09T16:59:30 WIB" name="runScenario" description="Runs Cucumber Scenarios" data-provider="scenarios" finished-at="2022-10-09T16:59:39 WIB" duration-ms="8815" status="PASS">
          <params>
            <param index="0">
              <value>
                <![CDATA["TSAP002002 Admin mencari data dengan  tombol enter (green button)"]]>
              </value>
            </param>
            <param index="1">
              <value>
                <![CDATA["TSAP002 Admin Search Data"]]>
              </value>
            </param>
          </params>
          <reporter-output>
          </reporter-output>
        </test-method> <!-- runScenario -->
        <test-method signature="runScenario(io.cucumber.testng.PickleWrapper,io.cucumber.testng.FeatureWrapper)[pri:0, instance:com.sqa.psikotes.framework.runner.TestRunner@2767e23c]" started-at="2022-10-09T16:59:39 WIB" name="runScenario" description="Runs Cucumber Scenarios" data-provider="scenarios" finished-at="2022-10-09T16:59:47 WIB" duration-ms="8827" status="PASS">
          <params>
            <param index="0">
              <value>
                <![CDATA["TSAP002002 Admin mencari data dengan  tombol enter (green button)"]]>
              </value>
            </param>
            <param index="1">
              <value>
                <![CDATA["TSAP002 Admin Search Data"]]>
              </value>
            </param>
          </params>
          <reporter-output>
          </reporter-output>
        </test-method> <!-- runScenario -->
        <test-method signature="runScenario(io.cucumber.testng.PickleWrapper,io.cucumber.testng.FeatureWrapper)[pri:0, instance:com.sqa.psikotes.framework.runner.TestRunner@2767e23c]" started-at="2022-10-09T16:59:47 WIB" name="runScenario" description="Runs Cucumber Scenarios" data-provider="scenarios" finished-at="2022-10-09T16:59:56 WIB" duration-ms="8939" status="PASS">
          <params>
            <param index="0">
              <value>
                <![CDATA["TSAP002002 Admin mencari data dengan  tombol enter (green button)"]]>
              </value>
            </param>
            <param index="1">
              <value>
                <![CDATA["TSAP002 Admin Search Data"]]>
              </value>
            </param>
          </params>
          <reporter-output>
          </reporter-output>
        </test-method> <!-- runScenario -->
        <test-method signature="runScenario(io.cucumber.testng.PickleWrapper,io.cucumber.testng.FeatureWrapper)[pri:0, instance:com.sqa.psikotes.framework.runner.TestRunner@2767e23c]" started-at="2022-10-09T16:59:56 WIB" name="runScenario" description="Runs Cucumber Scenarios" data-provider="scenarios" finished-at="2022-10-09T17:00:05 WIB" duration-ms="8770" status="PASS">
          <params>
            <param index="0">
              <value>
                <![CDATA["TSAP002003 Admin mencari data dengan tombol enter pada keyboard"]]>
              </value>
            </param>
            <param index="1">
              <value>
                <![CDATA["TSAP002 Admin Search Data"]]>
              </value>
            </param>
          </params>
          <reporter-output>
          </reporter-output>
        </test-method> <!-- runScenario -->
        <test-method signature="runScenario(io.cucumber.testng.PickleWrapper,io.cucumber.testng.FeatureWrapper)[pri:0, instance:com.sqa.psikotes.framework.runner.TestRunner@2767e23c]" started-at="2022-10-09T17:00:05 WIB" name="runScenario" description="Runs Cucumber Scenarios" data-provider="scenarios" finished-at="2022-10-09T17:00:14 WIB" duration-ms="8763" status="PASS">
          <params>
            <param index="0">
              <value>
                <![CDATA["TSAP002003 Admin mencari data dengan tombol enter pada keyboard"]]>
              </value>
            </param>
            <param index="1">
              <value>
                <![CDATA["TSAP002 Admin Search Data"]]>
              </value>
            </param>
          </params>
          <reporter-output>
          </reporter-output>
        </test-method> <!-- runScenario -->
        <test-method signature="runScenario(io.cucumber.testng.PickleWrapper,io.cucumber.testng.FeatureWrapper)[pri:0, instance:com.sqa.psikotes.framework.runner.TestRunner@2767e23c]" started-at="2022-10-09T17:00:14 WIB" name="runScenario" description="Runs Cucumber Scenarios" data-provider="scenarios" finished-at="2022-10-09T17:00:23 WIB" duration-ms="8776" status="PASS">
          <params>
            <param index="0">
              <value>
                <![CDATA["TSAP002003 Admin mencari data dengan tombol enter pada keyboard"]]>
              </value>
            </param>
            <param index="1">
              <value>
                <![CDATA["TSAP002 Admin Search Data"]]>
              </value>
            </param>
          </params>
          <reporter-output>
          </reporter-output>
        </test-method> <!-- runScenario -->
        <test-method signature="runScenario(io.cucumber.testng.PickleWrapper,io.cucumber.testng.FeatureWrapper)[pri:0, instance:com.sqa.psikotes.framework.runner.TestRunner@2767e23c]" started-at="2022-10-09T17:00:23 WIB" name="runScenario" description="Runs Cucumber Scenarios" data-provider="scenarios" finished-at="2022-10-09T17:00:31 WIB" duration-ms="8813" status="PASS">
          <params>
            <param index="0">
              <value>
                <![CDATA["TSAP002003 Admin mencari data dengan tombol enter pada keyboard"]]>
              </value>
            </param>
            <param index="1">
              <value>
                <![CDATA["TSAP002 Admin Search Data"]]>
              </value>
            </param>
          </params>
          <reporter-output>
          </reporter-output>
        </test-method> <!-- runScenario -->
        <test-method signature="runScenario(io.cucumber.testng.PickleWrapper,io.cucumber.testng.FeatureWrapper)[pri:0, instance:com.sqa.psikotes.framework.runner.TestRunner@2767e23c]" started-at="2022-10-09T17:00:31 WIB" name="runScenario" description="Runs Cucumber Scenarios" data-provider="scenarios" finished-at="2022-10-09T17:00:40 WIB" duration-ms="8774" status="PASS">
          <params>
            <param index="0">
              <value>
                <![CDATA["TSAP002003 Admin mencari data dengan tombol enter pada keyboard"]]>
              </value>
            </param>
            <param index="1">
              <value>
                <![CDATA["TSAP002 Admin Search Data"]]>
              </value>
            </param>
          </params>
          <reporter-output>
          </reporter-output>
        </test-method> <!-- runScenario -->
        <test-method signature="runScenario(io.cucumber.testng.PickleWrapper,io.cucumber.testng.FeatureWrapper)[pri:0, instance:com.sqa.psikotes.framework.runner.TestRunner@2767e23c]" started-at="2022-10-09T17:00:40 WIB" name="runScenario" description="Runs Cucumber Scenarios" data-provider="scenarios" finished-at="2022-10-09T17:00:49 WIB" duration-ms="8795" status="PASS">
          <params>
            <param index="0">
              <value>
                <![CDATA["TSAP002003 Admin mencari data dengan tombol enter pada keyboard"]]>
              </value>
            </param>
            <param index="1">
              <value>
                <![CDATA["TSAP002 Admin Search Data"]]>
              </value>
            </param>
          </params>
          <reporter-output>
          </reporter-output>
        </test-method> <!-- runScenario -->
        <test-method signature="runScenario(io.cucumber.testng.PickleWrapper,io.cucumber.testng.FeatureWrapper)[pri:0, instance:com.sqa.psikotes.framework.runner.TestRunner@2767e23c]" started-at="2022-10-09T17:00:49 WIB" name="runScenario" description="Runs Cucumber Scenarios" data-provider="scenarios" finished-at="2022-10-09T17:01:12 WIB" duration-ms="22789" status="PASS">
          <params>
            <param index="0">
              <value>
                <![CDATA["TSAP003001 Admin menyetujui menambahkan data akun admin"]]>
              </value>
            </param>
            <param index="1">
              <value>
                <![CDATA["TSAP003 Tambah data akun admin"]]>
              </value>
            </param>
          </params>
          <reporter-output>
          </reporter-output>
        </test-method> <!-- runScenario -->
        <test-method signature="runScenario(io.cucumber.testng.PickleWrapper,io.cucumber.testng.FeatureWrapper)[pri:0, instance:com.sqa.psikotes.framework.runner.TestRunner@2767e23c]" started-at="2022-10-09T17:01:12 WIB" name="runScenario" description="Runs Cucumber Scenarios" data-provider="scenarios" finished-at="2022-10-09T17:01:36 WIB" duration-ms="23804" status="PASS">
          <params>
            <param index="0">
              <value>
                <![CDATA["TSAP003002 Admin tidak menyetujui menambahkan data akun admin"]]>
              </value>
            </param>
            <param index="1">
              <value>
                <![CDATA["TSAP003 Tambah data akun admin"]]>
              </value>
            </param>
          </params>
          <reporter-output>
          </reporter-output>
        </test-method> <!-- runScenario -->
        <test-method signature="runScenario(io.cucumber.testng.PickleWrapper,io.cucumber.testng.FeatureWrapper)[pri:0, instance:com.sqa.psikotes.framework.runner.TestRunner@2767e23c]" started-at="2022-10-09T17:01:36 WIB" name="runScenario" description="Runs Cucumber Scenarios" data-provider="scenarios" finished-at="2022-10-09T17:01:44 WIB" duration-ms="8807" status="PASS">
          <params>
            <param index="0">
              <value>
                <![CDATA["TSAP004001 Admin menampilkan10 data admin"]]>
              </value>
            </param>
            <param index="1">
              <value>
                <![CDATA["TSAP004 Menampilkan data admin"]]>
              </value>
            </param>
          </params>
          <reporter-output>
          </reporter-output>
        </test-method> <!-- runScenario -->
        <test-method signature="runScenario(io.cucumber.testng.PickleWrapper,io.cucumber.testng.FeatureWrapper)[pri:0, instance:com.sqa.psikotes.framework.runner.TestRunner@2767e23c]" started-at="2022-10-09T17:01:44 WIB" name="runScenario" description="Runs Cucumber Scenarios" data-provider="scenarios" finished-at="2022-10-09T17:01:53 WIB" duration-ms="8989" status="PASS">
          <params>
            <param index="0">
              <value>
                <![CDATA["TSAP004002 Admin menampilkan25 data admin"]]>
              </value>
            </param>
            <param index="1">
              <value>
                <![CDATA["TSAP004 Menampilkan data admin"]]>
              </value>
            </param>
          </params>
          <reporter-output>
          </reporter-output>
        </test-method> <!-- runScenario -->
        <test-method signature="runScenario(io.cucumber.testng.PickleWrapper,io.cucumber.testng.FeatureWrapper)[pri:0, instance:com.sqa.psikotes.framework.runner.TestRunner@2767e23c]" started-at="2022-10-09T17:01:53 WIB" name="runScenario" description="Runs Cucumber Scenarios" data-provider="scenarios" finished-at="2022-10-09T17:02:02 WIB" duration-ms="8809" status="PASS">
          <params>
            <param index="0">
              <value>
                <![CDATA["TSAP004003 Admin menampilkan50 data admin"]]>
              </value>
            </param>
            <param index="1">
              <value>
                <![CDATA["TSAP004 Menampilkan data admin"]]>
              </value>
            </param>
          </params>
          <reporter-output>
          </reporter-output>
        </test-method> <!-- runScenario -->
        <test-method signature="runScenario(io.cucumber.testng.PickleWrapper,io.cucumber.testng.FeatureWrapper)[pri:0, instance:com.sqa.psikotes.framework.runner.TestRunner@2767e23c]" started-at="2022-10-09T17:02:02 WIB" name="runScenario" description="Runs Cucumber Scenarios" data-provider="scenarios" finished-at="2022-10-09T17:02:10 WIB" duration-ms="7890" status="PASS">
          <params>
            <param index="0">
              <value>
                <![CDATA["TSAP004004 Admin menampilkan100 data admin"]]>
              </value>
            </param>
            <param index="1">
              <value>
                <![CDATA["TSAP004 Menampilkan data admin"]]>
              </value>
            </param>
          </params>
          <reporter-output>
          </reporter-output>
        </test-method> <!-- runScenario -->
        <test-method signature="runScenario(io.cucumber.testng.PickleWrapper,io.cucumber.testng.FeatureWrapper)[pri:0, instance:com.sqa.psikotes.framework.runner.TestRunner@2767e23c]" started-at="2022-10-09T17:02:10 WIB" name="runScenario" description="Runs Cucumber Scenarios" data-provider="scenarios" finished-at="2022-10-09T17:02:20 WIB" duration-ms="9985" status="PASS">
          <params>
            <param index="0">
              <value>
                <![CDATA["TSAP005001 Admin menampilkan10 data  admin pada page ke1"]]>
              </value>
            </param>
            <param index="1">
              <value>
                <![CDATA["TSAP005 Menampilkan10 Data admin"]]>
              </value>
            </param>
          </params>
          <reporter-output>
          </reporter-output>
        </test-method> <!-- runScenario -->
        <test-method signature="runScenario(io.cucumber.testng.PickleWrapper,io.cucumber.testng.FeatureWrapper)[pri:0, instance:com.sqa.psikotes.framework.runner.TestRunner@2767e23c]" started-at="2022-10-09T17:02:20 WIB" name="runScenario" description="Runs Cucumber Scenarios" data-provider="scenarios" finished-at="2022-10-09T17:02:30 WIB" duration-ms="9820" status="PASS">
          <params>
            <param index="0">
              <value>
                <![CDATA["TSAP005002 Admin menampilkan10 data  admin pada page ke2"]]>
              </value>
            </param>
            <param index="1">
              <value>
                <![CDATA["TSAP005 Menampilkan10 Data admin"]]>
              </value>
            </param>
          </params>
          <reporter-output>
          </reporter-output>
        </test-method> <!-- runScenario -->
        <test-method signature="runScenario(io.cucumber.testng.PickleWrapper,io.cucumber.testng.FeatureWrapper)[pri:0, instance:com.sqa.psikotes.framework.runner.TestRunner@2767e23c]" started-at="2022-10-09T17:02:30 WIB" name="runScenario" description="Runs Cucumber Scenarios" data-provider="scenarios" finished-at="2022-10-09T17:02:40 WIB" duration-ms="9805" status="PASS">
          <params>
            <param index="0">
              <value>
                <![CDATA["TSAP005003 Admin menampilkan10 data  admin pada page ke3"]]>
              </value>
            </param>
            <param index="1">
              <value>
                <![CDATA["TSAP005 Menampilkan10 Data admin"]]>
              </value>
            </param>
          </params>
          <reporter-output>
          </reporter-output>
        </test-method> <!-- runScenario -->
        <test-method signature="runScenario(io.cucumber.testng.PickleWrapper,io.cucumber.testng.FeatureWrapper)[pri:0, instance:com.sqa.psikotes.framework.runner.TestRunner@2767e23c]" started-at="2022-10-09T17:02:40 WIB" name="runScenario" description="Runs Cucumber Scenarios" data-provider="scenarios" finished-at="2022-10-09T17:02:50 WIB" duration-ms="9818" status="PASS">
          <params>
            <param index="0">
              <value>
                <![CDATA["TSAP005004 Admin menampilkan10 data  admin pada page ke4"]]>
              </value>
            </param>
            <param index="1">
              <value>
                <![CDATA["TSAP005 Menampilkan10 Data admin"]]>
              </value>
            </param>
          </params>
          <reporter-output>
          </reporter-output>
        </test-method> <!-- runScenario -->
        <test-method signature="runScenario(io.cucumber.testng.PickleWrapper,io.cucumber.testng.FeatureWrapper)[pri:0, instance:com.sqa.psikotes.framework.runner.TestRunner@2767e23c]" started-at="2022-10-09T17:02:50 WIB" name="runScenario" description="Runs Cucumber Scenarios" data-provider="scenarios" finished-at="2022-10-09T17:02:59 WIB" duration-ms="9822" status="PASS">
          <params>
            <param index="0">
              <value>
                <![CDATA["TSAP005005 Admin menampilkan10 data  admin pada page ke5"]]>
              </value>
            </param>
            <param index="1">
              <value>
                <![CDATA["TSAP005 Menampilkan10 Data admin"]]>
              </value>
            </param>
          </params>
          <reporter-output>
          </reporter-output>
        </test-method> <!-- runScenario -->
        <test-method signature="runScenario(io.cucumber.testng.PickleWrapper,io.cucumber.testng.FeatureWrapper)[pri:0, instance:com.sqa.psikotes.framework.runner.TestRunner@2767e23c]" started-at="2022-10-09T17:02:59 WIB" name="runScenario" description="Runs Cucumber Scenarios" data-provider="scenarios" finished-at="2022-10-09T17:03:09 WIB" duration-ms="9859" status="PASS">
          <params>
            <param index="0">
              <value>
                <![CDATA["TSAP005006 Admin menampilkan10 data  admin pada page ke6"]]>
              </value>
            </param>
            <param index="1">
              <value>
                <![CDATA["TSAP005 Menampilkan10 Data admin"]]>
              </value>
            </param>
          </params>
          <reporter-output>
          </reporter-output>
        </test-method> <!-- runScenario -->
        <test-method signature="runScenario(io.cucumber.testng.PickleWrapper,io.cucumber.testng.FeatureWrapper)[pri:0, instance:com.sqa.psikotes.framework.runner.TestRunner@2767e23c]" started-at="2022-10-09T17:03:09 WIB" name="runScenario" description="Runs Cucumber Scenarios" data-provider="scenarios" finished-at="2022-10-09T17:03:20 WIB" duration-ms="10962" status="PASS">
          <params>
            <param index="0">
              <value>
                <![CDATA["TSAP005007 Admin menampilkan10 data  admin pada page ke7"]]>
              </value>
            </param>
            <param index="1">
              <value>
                <![CDATA["TSAP005 Menampilkan10 Data admin"]]>
              </value>
            </param>
          </params>
          <reporter-output>
          </reporter-output>
        </test-method> <!-- runScenario -->
        <test-method signature="runScenario(io.cucumber.testng.PickleWrapper,io.cucumber.testng.FeatureWrapper)[pri:0, instance:com.sqa.psikotes.framework.runner.TestRunner@2767e23c]" started-at="2022-10-09T17:03:20 WIB" name="runScenario" description="Runs Cucumber Scenarios" data-provider="scenarios" finished-at="2022-10-09T17:03:31 WIB" duration-ms="10913" status="PASS">
          <params>
            <param index="0">
              <value>
                <![CDATA["TSAP005008 Admin menampilkan10 data  admin pada page ke8"]]>
              </value>
            </param>
            <param index="1">
              <value>
                <![CDATA["TSAP005 Menampilkan10 Data admin"]]>
              </value>
            </param>
          </params>
          <reporter-output>
          </reporter-output>
        </test-method> <!-- runScenario -->
        <test-method signature="runScenario(io.cucumber.testng.PickleWrapper,io.cucumber.testng.FeatureWrapper)[pri:0, instance:com.sqa.psikotes.framework.runner.TestRunner@2767e23c]" started-at="2022-10-09T17:03:31 WIB" name="runScenario" description="Runs Cucumber Scenarios" data-provider="scenarios" finished-at="2022-10-09T17:03:42 WIB" duration-ms="10884" status="PASS">
          <params>
            <param index="0">
              <value>
                <![CDATA["TSAP005009 Admin menampilkan10 data  admin pada page ke9"]]>
              </value>
            </param>
            <param index="1">
              <value>
                <![CDATA["TSAP005 Menampilkan10 Data admin"]]>
              </value>
            </param>
          </params>
          <reporter-output>
          </reporter-output>
        </test-method> <!-- runScenario -->
        <test-method signature="runScenario(io.cucumber.testng.PickleWrapper,io.cucumber.testng.FeatureWrapper)[pri:0, instance:com.sqa.psikotes.framework.runner.TestRunner@2767e23c]" started-at="2022-10-09T17:03:42 WIB" name="runScenario" description="Runs Cucumber Scenarios" data-provider="scenarios" finished-at="2022-10-09T17:03:53 WIB" duration-ms="10914" status="PASS">
          <params>
            <param index="0">
              <value>
                <![CDATA["TSAP005010 Admin menampilkan10 data  admin pada page ke10"]]>
              </value>
            </param>
            <param index="1">
              <value>
                <![CDATA["TSAP005 Menampilkan10 Data admin"]]>
              </value>
            </param>
          </params>
          <reporter-output>
          </reporter-output>
        </test-method> <!-- runScenario -->
        <test-method signature="runScenario(io.cucumber.testng.PickleWrapper,io.cucumber.testng.FeatureWrapper)[pri:0, instance:com.sqa.psikotes.framework.runner.TestRunner@2767e23c]" started-at="2022-10-09T17:03:53 WIB" name="runScenario" description="Runs Cucumber Scenarios" data-provider="scenarios" finished-at="2022-10-09T17:04:04 WIB" duration-ms="10788" status="PASS">
          <params>
            <param index="0">
              <value>
                <![CDATA["TSAP005011 Admin menampilkan10 data admin pada page paling awal"]]>
              </value>
            </param>
            <param index="1">
              <value>
                <![CDATA["TSAP005 Menampilkan10 Data admin"]]>
              </value>
            </param>
          </params>
          <reporter-output>
          </reporter-output>
        </test-method> <!-- runScenario -->
        <test-method signature="runScenario(io.cucumber.testng.PickleWrapper,io.cucumber.testng.FeatureWrapper)[pri:0, instance:com.sqa.psikotes.framework.runner.TestRunner@2767e23c]" started-at="2022-10-09T17:04:04 WIB" name="runScenario" description="Runs Cucumber Scenarios" data-provider="scenarios" finished-at="2022-10-09T17:04:13 WIB" duration-ms="9724" status="PASS">
          <params>
            <param index="0">
              <value>
                <![CDATA["TSAP005012 Admin menampilkan10 data admin pada page paling terakhir"]]>
              </value>
            </param>
            <param index="1">
              <value>
                <![CDATA["TSAP005 Menampilkan10 Data admin"]]>
              </value>
            </param>
          </params>
          <reporter-output>
          </reporter-output>
        </test-method> <!-- runScenario -->
        <test-method signature="runScenario(io.cucumber.testng.PickleWrapper,io.cucumber.testng.FeatureWrapper)[pri:0, instance:com.sqa.psikotes.framework.runner.TestRunner@2767e23c]" started-at="2022-10-09T17:04:13 WIB" name="runScenario" description="Runs Cucumber Scenarios" data-provider="scenarios" finished-at="2022-10-09T17:04:23 WIB" duration-ms="9817" status="PASS">
          <params>
            <param index="0">
              <value>
                <![CDATA["TSAP006001 Admin menampilkan25 data admin pada page ke1"]]>
              </value>
            </param>
            <param index="1">
              <value>
                <![CDATA["TSAP006 Menampilkan25 data admin"]]>
              </value>
            </param>
          </params>
          <reporter-output>
          </reporter-output>
        </test-method> <!-- runScenario -->
        <test-method signature="runScenario(io.cucumber.testng.PickleWrapper,io.cucumber.testng.FeatureWrapper)[pri:0, instance:com.sqa.psikotes.framework.runner.TestRunner@2767e23c]" started-at="2022-10-09T17:04:23 WIB" name="runScenario" description="Runs Cucumber Scenarios" data-provider="scenarios" finished-at="2022-10-09T17:04:33 WIB" duration-ms="9965" status="PASS">
          <params>
            <param index="0">
              <value>
                <![CDATA["TSAP006002 Admin menampilkan25 data admin pada page ke2"]]>
              </value>
            </param>
            <param index="1">
              <value>
                <![CDATA["TSAP006 Menampilkan25 data admin"]]>
              </value>
            </param>
          </params>
          <reporter-output>
          </reporter-output>
        </test-method> <!-- runScenario -->
        <test-method signature="runScenario(io.cucumber.testng.PickleWrapper,io.cucumber.testng.FeatureWrapper)[pri:0, instance:com.sqa.psikotes.framework.runner.TestRunner@2767e23c]" started-at="2022-10-09T17:04:33 WIB" name="runScenario" description="Runs Cucumber Scenarios" data-provider="scenarios" finished-at="2022-10-09T17:04:43 WIB" duration-ms="9900" status="PASS">
          <params>
            <param index="0">
              <value>
                <![CDATA["TSAP006003 Admin menampilkan25 data admin pada page ke3"]]>
              </value>
            </param>
            <param index="1">
              <value>
                <![CDATA["TSAP006 Menampilkan25 data admin"]]>
              </value>
            </param>
          </params>
          <reporter-output>
          </reporter-output>
        </test-method> <!-- runScenario -->
        <test-method signature="runScenario(io.cucumber.testng.PickleWrapper,io.cucumber.testng.FeatureWrapper)[pri:0, instance:com.sqa.psikotes.framework.runner.TestRunner@2767e23c]" started-at="2022-10-09T17:04:43 WIB" name="runScenario" description="Runs Cucumber Scenarios" data-provider="scenarios" finished-at="2022-10-09T17:04:53 WIB" duration-ms="10203" status="PASS">
          <params>
            <param index="0">
              <value>
                <![CDATA["TSAP006004 Admin menampilkan25 data admin pada page ke4"]]>
              </value>
            </param>
            <param index="1">
              <value>
                <![CDATA["TSAP006 Menampilkan25 data admin"]]>
              </value>
            </param>
          </params>
          <reporter-output>
          </reporter-output>
        </test-method> <!-- runScenario -->
        <test-method signature="runScenario(io.cucumber.testng.PickleWrapper,io.cucumber.testng.FeatureWrapper)[pri:0, instance:com.sqa.psikotes.framework.runner.TestRunner@2767e23c]" started-at="2022-10-09T17:04:53 WIB" name="runScenario" description="Runs Cucumber Scenarios" data-provider="scenarios" finished-at="2022-10-09T17:05:04 WIB" duration-ms="10913" status="PASS">
          <params>
            <param index="0">
              <value>
                <![CDATA["TSAP006005 Admin menampilkan25 data admin pada page paling awal"]]>
              </value>
            </param>
            <param index="1">
              <value>
                <![CDATA["TSAP006 Menampilkan25 data admin"]]>
              </value>
            </param>
          </params>
          <reporter-output>
          </reporter-output>
        </test-method> <!-- runScenario -->
        <test-method signature="runScenario(io.cucumber.testng.PickleWrapper,io.cucumber.testng.FeatureWrapper)[pri:0, instance:com.sqa.psikotes.framework.runner.TestRunner@2767e23c]" started-at="2022-10-09T17:05:04 WIB" name="runScenario" description="Runs Cucumber Scenarios" data-provider="scenarios" finished-at="2022-10-09T17:05:14 WIB" duration-ms="9957" status="PASS">
          <params>
            <param index="0">
              <value>
                <![CDATA["TSAP006006 Admin menampilkan25 data admin pada page paling terakhir"]]>
              </value>
            </param>
            <param index="1">
              <value>
                <![CDATA["TSAP006 Menampilkan25 data admin"]]>
              </value>
            </param>
          </params>
          <reporter-output>
          </reporter-output>
        </test-method> <!-- runScenario -->
        <test-method signature="runScenario(io.cucumber.testng.PickleWrapper,io.cucumber.testng.FeatureWrapper)[pri:0, instance:com.sqa.psikotes.framework.runner.TestRunner@2767e23c]" started-at="2022-10-09T17:05:14 WIB" name="runScenario" description="Runs Cucumber Scenarios" data-provider="scenarios" finished-at="2022-10-09T17:05:24 WIB" duration-ms="9908" status="PASS">
          <params>
            <param index="0">
              <value>
                <![CDATA["TSAP007001 Admin menampilkan50 data admin pada page ke1"]]>
              </value>
            </param>
            <param index="1">
              <value>
                <![CDATA["TSAP007 Menampilkan50 data admin"]]>
              </value>
            </param>
          </params>
          <reporter-output>
          </reporter-output>
        </test-method> <!-- runScenario -->
        <test-method signature="runScenario(io.cucumber.testng.PickleWrapper,io.cucumber.testng.FeatureWrapper)[pri:0, instance:com.sqa.psikotes.framework.runner.TestRunner@2767e23c]" started-at="2022-10-09T17:05:24 WIB" name="runScenario" description="Runs Cucumber Scenarios" data-provider="scenarios" finished-at="2022-10-09T17:05:34 WIB" duration-ms="9827" status="PASS">
          <params>
            <param index="0">
              <value>
                <![CDATA["TSAP007002 Admin menampilkan50 data admin pada page ke2"]]>
              </value>
            </param>
            <param index="1">
              <value>
                <![CDATA["TSAP007 Menampilkan50 data admin"]]>
              </value>
            </param>
          </params>
          <reporter-output>
          </reporter-output>
        </test-method> <!-- runScenario -->
        <test-method signature="runScenario(io.cucumber.testng.PickleWrapper,io.cucumber.testng.FeatureWrapper)[pri:0, instance:com.sqa.psikotes.framework.runner.TestRunner@2767e23c]" started-at="2022-10-09T17:05:34 WIB" name="runScenario" description="Runs Cucumber Scenarios" data-provider="scenarios" finished-at="2022-10-09T17:05:44 WIB" duration-ms="9850" status="PASS">
          <params>
            <param index="0">
              <value>
                <![CDATA["TSAP007003 Admin menampilkan50 data admin pada page >>"]]>
              </value>
            </param>
            <param index="1">
              <value>
                <![CDATA["TSAP007 Menampilkan50 data admin"]]>
              </value>
            </param>
          </params>
          <reporter-output>
          </reporter-output>
        </test-method> <!-- runScenario -->
        <test-method signature="runScenario(io.cucumber.testng.PickleWrapper,io.cucumber.testng.FeatureWrapper)[pri:0, instance:com.sqa.psikotes.framework.runner.TestRunner@2767e23c]" started-at="2022-10-09T17:05:44 WIB" name="runScenario" description="Runs Cucumber Scenarios" data-provider="scenarios" finished-at="2022-10-09T17:05:55 WIB" duration-ms="10894" status="PASS">
          <params>
            <param index="0">
              <value>
                <![CDATA["TSAP007004 Admin menampilkan50 data admin pada page <<"]]>
              </value>
            </param>
            <param index="1">
              <value>
                <![CDATA["TSAP007 Menampilkan50 data admin"]]>
              </value>
            </param>
          </params>
          <reporter-output>
          </reporter-output>
        </test-method> <!-- runScenario -->
        <test-method signature="runScenario(io.cucumber.testng.PickleWrapper,io.cucumber.testng.FeatureWrapper)[pri:0, instance:com.sqa.psikotes.framework.runner.TestRunner@2767e23c]" started-at="2022-10-09T17:05:55 WIB" name="runScenario" description="Runs Cucumber Scenarios" data-provider="scenarios" finished-at="2022-10-09T17:06:04 WIB" duration-ms="9094" status="PASS">
          <params>
            <param index="0">
              <value>
                <![CDATA["TSAP008001 Admin menampilkan100 data admin pada page ke1"]]>
              </value>
            </param>
            <param index="1">
              <value>
                <![CDATA["TSAP008 Menampilkan100 data admin"]]>
              </value>
            </param>
          </params>
          <reporter-output>
          </reporter-output>
        </test-method> <!-- runScenario -->
        <test-method signature="runScenario(io.cucumber.testng.PickleWrapper,io.cucumber.testng.FeatureWrapper)[pri:0, instance:com.sqa.psikotes.framework.runner.TestRunner@2767e23c]" started-at="2022-10-09T17:06:04 WIB" name="runScenario" description="Runs Cucumber Scenarios" data-provider="scenarios" finished-at="2022-10-09T17:06:33 WIB" duration-ms="28964" status="PASS">
          <params>
            <param index="0">
              <value>
                <![CDATA["TSAP009001 Admin mereset passwod akun admin"]]>
              </value>
            </param>
            <param index="1">
              <value>
                <![CDATA["TSAP009 Reset Password Akun admin"]]>
              </value>
            </param>
          </params>
          <reporter-output>
          </reporter-output>
        </test-method> <!-- runScenario -->
        <test-method signature="runScenario(io.cucumber.testng.PickleWrapper,io.cucumber.testng.FeatureWrapper)[pri:0, instance:com.sqa.psikotes.framework.runner.TestRunner@2767e23c]" started-at="2022-10-09T17:06:33 WIB" name="runScenario" description="Runs Cucumber Scenarios" data-provider="scenarios" finished-at="2022-10-09T17:06:48 WIB" duration-ms="15195" status="PASS">
          <params>
            <param index="0">
              <value>
                <![CDATA["TSAP010001 Admin mengubah satu field pada akun admin"]]>
              </value>
            </param>
            <param index="1">
              <value>
                <![CDATA["TSAP010 Edit data akun admin"]]>
              </value>
            </param>
          </params>
          <reporter-output>
          </reporter-output>
        </test-method> <!-- runScenario -->
        <test-method signature="runScenario(io.cucumber.testng.PickleWrapper,io.cucumber.testng.FeatureWrapper)[pri:0, instance:com.sqa.psikotes.framework.runner.TestRunner@2767e23c]" started-at="2022-10-09T17:06:48 WIB" name="runScenario" description="Runs Cucumber Scenarios" data-provider="scenarios" finished-at="2022-10-09T17:07:03 WIB" duration-ms="15238" status="PASS">
          <params>
            <param index="0">
              <value>
                <![CDATA["TSAP010001 Admin mengubah satu field pada akun admin"]]>
              </value>
            </param>
            <param index="1">
              <value>
                <![CDATA["TSAP010 Edit data akun admin"]]>
              </value>
            </param>
          </params>
          <reporter-output>
          </reporter-output>
        </test-method> <!-- runScenario -->
        <test-method signature="runScenario(io.cucumber.testng.PickleWrapper,io.cucumber.testng.FeatureWrapper)[pri:0, instance:com.sqa.psikotes.framework.runner.TestRunner@2767e23c]" started-at="2022-10-09T17:07:03 WIB" name="runScenario" description="Runs Cucumber Scenarios" data-provider="scenarios" finished-at="2022-10-09T17:07:18 WIB" duration-ms="15188" status="PASS">
          <params>
            <param index="0">
              <value>
                <![CDATA["TSAP010001 Admin mengubah satu field pada akun admin"]]>
              </value>
            </param>
            <param index="1">
              <value>
                <![CDATA["TSAP010 Edit data akun admin"]]>
              </value>
            </param>
          </params>
          <reporter-output>
          </reporter-output>
        </test-method> <!-- runScenario -->
        <test-method signature="runScenario(io.cucumber.testng.PickleWrapper,io.cucumber.testng.FeatureWrapper)[pri:0, instance:com.sqa.psikotes.framework.runner.TestRunner@2767e23c]" started-at="2022-10-09T17:07:18 WIB" name="runScenario" description="Runs Cucumber Scenarios" data-provider="scenarios" finished-at="2022-10-09T17:07:34 WIB" duration-ms="15298" status="PASS">
          <params>
            <param index="0">
              <value>
                <![CDATA["TSAP010001 Admin mengubah satu field pada akun admin"]]>
              </value>
            </param>
            <param index="1">
              <value>
                <![CDATA["TSAP010 Edit data akun admin"]]>
              </value>
            </param>
          </params>
          <reporter-output>
          </reporter-output>
        </test-method> <!-- runScenario -->
        <test-method signature="runScenario(io.cucumber.testng.PickleWrapper,io.cucumber.testng.FeatureWrapper)[pri:0, instance:com.sqa.psikotes.framework.runner.TestRunner@2767e23c]" started-at="2022-10-09T17:07:34 WIB" name="runScenario" description="Runs Cucumber Scenarios" data-provider="scenarios" finished-at="2022-10-09T17:07:56 WIB" duration-ms="22693" status="PASS">
          <params>
            <param index="0">
              <value>
                <![CDATA["TSAP010002 Admin mengubah dua field pada akun admin"]]>
              </value>
            </param>
            <param index="1">
              <value>
                <![CDATA["TSAP010 Edit data akun admin"]]>
              </value>
            </param>
          </params>
          <reporter-output>
          </reporter-output>
        </test-method> <!-- runScenario -->
        <test-method signature="runScenario(io.cucumber.testng.PickleWrapper,io.cucumber.testng.FeatureWrapper)[pri:0, instance:com.sqa.psikotes.framework.runner.TestRunner@2767e23c]" started-at="2022-10-09T17:07:56 WIB" name="runScenario" description="Runs Cucumber Scenarios" data-provider="scenarios" finished-at="2022-10-09T17:08:19 WIB" duration-ms="22583" status="PASS">
          <params>
            <param index="0">
              <value>
                <![CDATA["TSAP010002 Admin mengubah dua field pada akun admin"]]>
              </value>
            </param>
            <param index="1">
              <value>
                <![CDATA["TSAP010 Edit data akun admin"]]>
              </value>
            </param>
          </params>
          <reporter-output>
          </reporter-output>
        </test-method> <!-- runScenario -->
        <test-method signature="runScenario(io.cucumber.testng.PickleWrapper,io.cucumber.testng.FeatureWrapper)[pri:0, instance:com.sqa.psikotes.framework.runner.TestRunner@2767e23c]" started-at="2022-10-09T17:08:19 WIB" name="runScenario" description="Runs Cucumber Scenarios" data-provider="scenarios" finished-at="2022-10-09T17:08:42 WIB" duration-ms="22688" status="PASS">
          <params>
            <param index="0">
              <value>
                <![CDATA["TSAP010002 Admin mengubah dua field pada akun admin"]]>
              </value>
            </param>
            <param index="1">
              <value>
                <![CDATA["TSAP010 Edit data akun admin"]]>
              </value>
            </param>
          </params>
          <reporter-output>
          </reporter-output>
        </test-method> <!-- runScenario -->
        <test-method signature="runScenario(io.cucumber.testng.PickleWrapper,io.cucumber.testng.FeatureWrapper)[pri:0, instance:com.sqa.psikotes.framework.runner.TestRunner@2767e23c]" started-at="2022-10-09T17:08:42 WIB" name="runScenario" description="Runs Cucumber Scenarios" data-provider="scenarios" finished-at="2022-10-09T17:09:04 WIB" duration-ms="22630" status="PASS">
          <params>
            <param index="0">
              <value>
                <![CDATA["TSAP010002 Admin mengubah dua field pada akun admin"]]>
              </value>
            </param>
            <param index="1">
              <value>
                <![CDATA["TSAP010 Edit data akun admin"]]>
              </value>
            </param>
          </params>
          <reporter-output>
          </reporter-output>
        </test-method> <!-- runScenario -->
        <test-method signature="runScenario(io.cucumber.testng.PickleWrapper,io.cucumber.testng.FeatureWrapper)[pri:0, instance:com.sqa.psikotes.framework.runner.TestRunner@2767e23c]" started-at="2022-10-09T17:09:04 WIB" name="runScenario" description="Runs Cucumber Scenarios" data-provider="scenarios" finished-at="2022-10-09T17:09:27 WIB" duration-ms="22593" status="PASS">
          <params>
            <param index="0">
              <value>
                <![CDATA["TSAP010002 Admin mengubah dua field pada akun admin"]]>
              </value>
            </param>
            <param index="1">
              <value>
                <![CDATA["TSAP010 Edit data akun admin"]]>
              </value>
            </param>
          </params>
          <reporter-output>
          </reporter-output>
        </test-method> <!-- runScenario -->
        <test-method signature="runScenario(io.cucumber.testng.PickleWrapper,io.cucumber.testng.FeatureWrapper)[pri:0, instance:com.sqa.psikotes.framework.runner.TestRunner@2767e23c]" started-at="2022-10-09T17:09:27 WIB" name="runScenario" description="Runs Cucumber Scenarios" data-provider="scenarios" finished-at="2022-10-09T17:09:50 WIB" duration-ms="22911" status="PASS">
          <params>
            <param index="0">
              <value>
                <![CDATA["TSAP010002 Admin mengubah dua field pada akun admin"]]>
              </value>
            </param>
            <param index="1">
              <value>
                <![CDATA["TSAP010 Edit data akun admin"]]>
              </value>
            </param>
          </params>
          <reporter-output>
          </reporter-output>
        </test-method> <!-- runScenario -->
        <test-method signature="runScenario(io.cucumber.testng.PickleWrapper,io.cucumber.testng.FeatureWrapper)[pri:0, instance:com.sqa.psikotes.framework.runner.TestRunner@2767e23c]" started-at="2022-10-09T17:09:50 WIB" name="runScenario" description="Runs Cucumber Scenarios" data-provider="scenarios" finished-at="2022-10-09T17:10:20 WIB" duration-ms="30104" status="PASS">
          <params>
            <param index="0">
              <value>
                <![CDATA["TSAP010003 Admin mengubah tiga field pada akun admin"]]>
              </value>
            </param>
            <param index="1">
              <value>
                <![CDATA["TSAP010 Edit data akun admin"]]>
              </value>
            </param>
          </params>
          <reporter-output>
          </reporter-output>
        </test-method> <!-- runScenario -->
        <test-method signature="runScenario(io.cucumber.testng.PickleWrapper,io.cucumber.testng.FeatureWrapper)[pri:0, instance:com.sqa.psikotes.framework.runner.TestRunner@2767e23c]" started-at="2022-10-09T17:10:20 WIB" name="runScenario" description="Runs Cucumber Scenarios" data-provider="scenarios" finished-at="2022-10-09T17:10:50 WIB" duration-ms="30155" status="PASS">
          <params>
            <param index="0">
              <value>
                <![CDATA["TSAP010003 Admin mengubah tiga field pada akun admin"]]>
              </value>
            </param>
            <param index="1">
              <value>
                <![CDATA["TSAP010 Edit data akun admin"]]>
              </value>
            </param>
          </params>
          <reporter-output>
          </reporter-output>
        </test-method> <!-- runScenario -->
        <test-method signature="runScenario(io.cucumber.testng.PickleWrapper,io.cucumber.testng.FeatureWrapper)[pri:0, instance:com.sqa.psikotes.framework.runner.TestRunner@2767e23c]" started-at="2022-10-09T17:10:50 WIB" name="runScenario" description="Runs Cucumber Scenarios" data-provider="scenarios" finished-at="2022-10-09T17:11:20 WIB" duration-ms="30196" status="PASS">
          <params>
            <param index="0">
              <value>
                <![CDATA["TSAP010003 Admin mengubah tiga field pada akun admin"]]>
              </value>
            </param>
            <param index="1">
              <value>
                <![CDATA["TSAP010 Edit data akun admin"]]>
              </value>
            </param>
          </params>
          <reporter-output>
          </reporter-output>
        </test-method> <!-- runScenario -->
        <test-method signature="runScenario(io.cucumber.testng.PickleWrapper,io.cucumber.testng.FeatureWrapper)[pri:0, instance:com.sqa.psikotes.framework.runner.TestRunner@2767e23c]" started-at="2022-10-09T17:11:20 WIB" name="runScenario" description="Runs Cucumber Scenarios" data-provider="scenarios" finished-at="2022-10-09T17:11:58 WIB" duration-ms="37622" status="PASS">
          <params>
            <param index="0">
              <value>
                <![CDATA["TSAP010004 Admin mengubah semua field pada akun admin"]]>
              </value>
            </param>
            <param index="1">
              <value>
                <![CDATA["TSAP010 Edit data akun admin"]]>
              </value>
            </param>
          </params>
          <reporter-output>
          </reporter-output>
        </test-method> <!-- runScenario -->
        <test-method signature="runScenario(io.cucumber.testng.PickleWrapper,io.cucumber.testng.FeatureWrapper)[pri:0, instance:com.sqa.psikotes.framework.runner.TestRunner@2767e23c]" started-at="2022-10-09T17:11:58 WIB" name="runScenario" description="Runs Cucumber Scenarios" data-provider="scenarios" finished-at="2022-10-09T17:12:29 WIB" duration-ms="30747" status="PASS">
          <params>
            <param index="0">
              <value>
                <![CDATA["TSAP011001 Admin tidak menyetujui edit password"]]>
              </value>
            </param>
            <param index="1">
              <value>
                <![CDATA["TSAP011 Edit password admin"]]>
              </value>
            </param>
          </params>
          <reporter-output>
          </reporter-output>
        </test-method> <!-- runScenario -->
        <test-method signature="runScenario(io.cucumber.testng.PickleWrapper,io.cucumber.testng.FeatureWrapper)[pri:0, instance:com.sqa.psikotes.framework.runner.TestRunner@2767e23c]" started-at="2022-10-09T17:12:29 WIB" name="runScenario" description="Runs Cucumber Scenarios" data-provider="scenarios" finished-at="2022-10-09T17:13:00 WIB" duration-ms="30891" status="PASS">
          <params>
            <param index="0">
              <value>
                <![CDATA["TSAP011001 Admin tidak menyetujui edit password"]]>
              </value>
            </param>
            <param index="1">
              <value>
                <![CDATA["TSAP011 Edit password admin"]]>
              </value>
            </param>
          </params>
          <reporter-output>
          </reporter-output>
        </test-method> <!-- runScenario -->
        <test-method signature="runScenario(io.cucumber.testng.PickleWrapper,io.cucumber.testng.FeatureWrapper)[pri:0, instance:com.sqa.psikotes.framework.runner.TestRunner@2767e23c]" started-at="2022-10-09T17:13:00 WIB" name="runScenario" description="Runs Cucumber Scenarios" data-provider="scenarios" finished-at="2022-10-09T17:13:30 WIB" duration-ms="30436" status="PASS">
          <params>
            <param index="0">
              <value>
                <![CDATA["TSAP011001 Admin tidak menyetujui edit password"]]>
              </value>
            </param>
            <param index="1">
              <value>
                <![CDATA["TSAP011 Edit password admin"]]>
              </value>
            </param>
          </params>
          <reporter-output>
          </reporter-output>
        </test-method> <!-- runScenario -->
        <test-method signature="runScenario(io.cucumber.testng.PickleWrapper,io.cucumber.testng.FeatureWrapper)[pri:0, instance:com.sqa.psikotes.framework.runner.TestRunner@2767e23c]" started-at="2022-10-09T17:13:30 WIB" name="runScenario" description="Runs Cucumber Scenarios" data-provider="scenarios" finished-at="2022-10-09T17:14:03 WIB" duration-ms="32816" status="PASS">
          <params>
            <param index="0">
              <value>
                <![CDATA["TSAP011002 Admin menyetujui edit password"]]>
              </value>
            </param>
            <param index="1">
              <value>
                <![CDATA["TSAP011 Edit password admin"]]>
              </value>
            </param>
          </params>
          <reporter-output>
          </reporter-output>
        </test-method> <!-- runScenario -->
        <test-method signature="runScenario(io.cucumber.testng.PickleWrapper,io.cucumber.testng.FeatureWrapper)[pri:0, instance:com.sqa.psikotes.framework.runner.TestRunner@2767e23c]" started-at="2022-10-09T17:14:03 WIB" name="runScenario" description="Runs Cucumber Scenarios" data-provider="scenarios" finished-at="2022-10-09T17:14:36 WIB" duration-ms="32757" status="PASS">
          <params>
            <param index="0">
              <value>
                <![CDATA["TSAP011002 Admin menyetujui edit password"]]>
              </value>
            </param>
            <param index="1">
              <value>
                <![CDATA["TSAP011 Edit password admin"]]>
              </value>
            </param>
          </params>
          <reporter-output>
          </reporter-output>
        </test-method> <!-- runScenario -->
        <test-method signature="runScenario(io.cucumber.testng.PickleWrapper,io.cucumber.testng.FeatureWrapper)[pri:0, instance:com.sqa.psikotes.framework.runner.TestRunner@2767e23c]" started-at="2022-10-09T17:14:36 WIB" name="runScenario" description="Runs Cucumber Scenarios" data-provider="scenarios" finished-at="2022-10-09T17:15:09 WIB" duration-ms="33107" status="PASS">
          <params>
            <param index="0">
              <value>
                <![CDATA["TSAP011002 Admin menyetujui edit password"]]>
              </value>
            </param>
            <param index="1">
              <value>
                <![CDATA["TSAP011 Edit password admin"]]>
              </value>
            </param>
          </params>
          <reporter-output>
          </reporter-output>
        </test-method> <!-- runScenario -->
        <test-method signature="runScenario(io.cucumber.testng.PickleWrapper,io.cucumber.testng.FeatureWrapper)[pri:0, instance:com.sqa.psikotes.framework.runner.TestRunner@2767e23c]" started-at="2022-10-09T17:15:09 WIB" name="runScenario" description="Runs Cucumber Scenarios" data-provider="scenarios" finished-at="2022-10-09T17:15:22 WIB" duration-ms="13011" status="PASS">
          <params>
[...]
              </value>
            </param>
            <param index="1">
              <value>
                <![CDATA["TSDUN005 Edit Password Invalid"]]>
              </value>
            </param>
          </params>
          <reporter-output>
          </reporter-output>
        </test-method> <!-- runScenario -->
        <test-method signature="runScenario(io.cucumber.testng.PickleWrapper,io.cucumber.testng.FeatureWrapper)[pri:0, instance:com.sqa.psikotes.framework.runner.TestRunner@2767e23c]" started-at="2022-10-09T19:02:14 WIB" name="runScenario" description="Runs Cucumber Scenarios" data-provider="scenarios" finished-at="2022-10-09T19:02:27 WIB" duration-ms="12908" status="PASS">
          <params>
            <param index="0">
              <value>
                <![CDATA["TSDUN005003 Admin edit password user dengan field kosong"]]>
              </value>
            </param>
            <param index="1">
              <value>
                <![CDATA["TSDUN005 Edit Password Invalid"]]>
              </value>
            </param>
          </params>
          <reporter-output>
          </reporter-output>
        </test-method> <!-- runScenario -->
        <test-method signature="runScenario(io.cucumber.testng.PickleWrapper,io.cucumber.testng.FeatureWrapper)[pri:0, instance:com.sqa.psikotes.framework.runner.TestRunner@2767e23c]" started-at="2022-10-09T19:02:27 WIB" name="runScenario" description="Runs Cucumber Scenarios" data-provider="scenarios" finished-at="2022-10-09T19:02:41 WIB" duration-ms="13918" status="PASS">
          <params>
            <param index="0">
              <value>
                <![CDATA["TSDUN005004 Admin edit password user dengan value kurang dari9 karakter"]]>
              </value>
            </param>
            <param index="1">
              <value>
                <![CDATA["TSDUN005 Edit Password Invalid"]]>
              </value>
            </param>
          </params>
          <reporter-output>
          </reporter-output>
        </test-method> <!-- runScenario -->
        <test-method signature="runScenario(io.cucumber.testng.PickleWrapper,io.cucumber.testng.FeatureWrapper)[pri:0, instance:com.sqa.psikotes.framework.runner.TestRunner@2767e23c]" started-at="2022-10-09T19:02:41 WIB" name="runScenario" description="Runs Cucumber Scenarios" data-provider="scenarios" finished-at="2022-10-09T19:02:47 WIB" duration-ms="6642" status="PASS">
          <params>
            <param index="0">
              <value>
                <![CDATA["TSRP001001 Admin ingin membuka halaman report"]]>
              </value>
            </param>
            <param index="1">
              <value>
                <![CDATA["TSRP001 Membuka halaman Data Users"]]>
              </value>
            </param>
          </params>
          <reporter-output>
          </reporter-output>
        </test-method> <!-- runScenario -->
        <test-method signature="runScenario(io.cucumber.testng.PickleWrapper,io.cucumber.testng.FeatureWrapper)[pri:0, instance:com.sqa.psikotes.framework.runner.TestRunner@2767e23c]" started-at="2022-10-09T19:02:47 WIB" name="runScenario" description="Runs Cucumber Scenarios" data-provider="scenarios" finished-at="2022-10-09T19:03:04 WIB" duration-ms="16191" status="PASS">
          <params>
            <param index="0">
              <value>
                <![CDATA["TSRP002001 Admin mencari data berdasarkan range tanggal"]]>
              </value>
            </param>
            <param index="1">
              <value>
                <![CDATA["TSRP002 Membuka halaman Data Users"]]>
              </value>
            </param>
          </params>
          <reporter-output>
          </reporter-output>
        </test-method> <!-- runScenario -->
        <test-method signature="runScenario(io.cucumber.testng.PickleWrapper,io.cucumber.testng.FeatureWrapper)[pri:0, instance:com.sqa.psikotes.framework.runner.TestRunner@2767e23c]" started-at="2022-10-09T19:03:04 WIB" name="runScenario" description="Runs Cucumber Scenarios" data-provider="scenarios" finished-at="2022-10-09T19:03:21 WIB" duration-ms="17174" status="PASS">
          <params>
            <param index="0">
              <value>
                <![CDATA["TSRP002002 Admin mencari data berdasarkan range tanggal"]]>
              </value>
            </param>
            <param index="1">
              <value>
                <![CDATA["TSRP002 Membuka halaman Data Users"]]>
              </value>
            </param>
          </params>
          <reporter-output>
          </reporter-output>
        </test-method> <!-- runScenario -->
        <test-method signature="runScenario(io.cucumber.testng.PickleWrapper,io.cucumber.testng.FeatureWrapper)[pri:0, instance:com.sqa.psikotes.framework.runner.TestRunner@2767e23c]" started-at="2022-10-09T19:03:21 WIB" name="runScenario" description="Runs Cucumber Scenarios" data-provider="scenarios" finished-at="2022-10-09T19:03:40 WIB" duration-ms="18807" status="PASS">
          <params>
            <param index="0">
              <value>
                <![CDATA["TSRPN001001 Admin set date awal kebih besar dari date akhir"]]>
              </value>
            </param>
            <param index="1">
              <value>
                <![CDATA["TSRPN001 Search Report invalid"]]>
              </value>
            </param>
          </params>
          <reporter-output>
          </reporter-output>
        </test-method> <!-- runScenario -->
        <test-method signature="runScenario(io.cucumber.testng.PickleWrapper,io.cucumber.testng.FeatureWrapper)[pri:0, instance:com.sqa.psikotes.framework.runner.TestRunner@2767e23c]" started-at="2022-10-09T19:03:40 WIB" name="runScenario" description="Runs Cucumber Scenarios" data-provider="scenarios" finished-at="2022-10-09T19:03:46 WIB" duration-ms="6620" status="PASS">
          <params>
            <param index="0">
              <value>
                <![CDATA["TSRA001001 Admin ingin membuka halaman remove activity"]]>
              </value>
            </param>
            <param index="1">
              <value>
                <![CDATA["TSRA001 Admin membuka halaman Remove Activity"]]>
              </value>
            </param>
          </params>
          <reporter-output>
          </reporter-output>
        </test-method> <!-- runScenario -->
        <test-method signature="runScenario(io.cucumber.testng.PickleWrapper,io.cucumber.testng.FeatureWrapper)[pri:0, instance:com.sqa.psikotes.framework.runner.TestRunner@2767e23c]" started-at="2022-10-09T19:03:46 WIB" name="runScenario" description="Runs Cucumber Scenarios" data-provider="scenarios" finished-at="2022-10-09T19:03:55 WIB" duration-ms="8754" status="PASS">
          <params>
            <param index="0">
              <value>
                <![CDATA["TSRA002001 Admin mencari data berdasarkan NIK, Nama, Email, Telpon"]]>
              </value>
            </param>
            <param index="1">
              <value>
                <![CDATA["TSRA002 Admin mencari data remove activity"]]>
              </value>
            </param>
          </params>
          <reporter-output>
          </reporter-output>
        </test-method> <!-- runScenario -->
        <test-method signature="runScenario(io.cucumber.testng.PickleWrapper,io.cucumber.testng.FeatureWrapper)[pri:0, instance:com.sqa.psikotes.framework.runner.TestRunner@2767e23c]" started-at="2022-10-09T19:03:55 WIB" name="runScenario" description="Runs Cucumber Scenarios" data-provider="scenarios" finished-at="2022-10-09T19:04:04 WIB" duration-ms="8770" status="PASS">
          <params>
            <param index="0">
              <value>
                <![CDATA["TSRA002001 Admin mencari data berdasarkan NIK, Nama, Email, Telpon"]]>
              </value>
            </param>
            <param index="1">
              <value>
                <![CDATA["TSRA002 Admin mencari data remove activity"]]>
              </value>
            </param>
          </params>
          <reporter-output>
          </reporter-output>
        </test-method> <!-- runScenario -->
        <test-method signature="runScenario(io.cucumber.testng.PickleWrapper,io.cucumber.testng.FeatureWrapper)[pri:0, instance:com.sqa.psikotes.framework.runner.TestRunner@2767e23c]" started-at="2022-10-09T19:04:04 WIB" name="runScenario" description="Runs Cucumber Scenarios" data-provider="scenarios" finished-at="2022-10-09T19:04:13 WIB" duration-ms="8806" status="PASS">
          <params>
            <param index="0">
              <value>
                <![CDATA["TSRA002001 Admin mencari data berdasarkan NIK, Nama, Email, Telpon"]]>
              </value>
            </param>
            <param index="1">
              <value>
                <![CDATA["TSRA002 Admin mencari data remove activity"]]>
              </value>
            </param>
          </params>
          <reporter-output>
          </reporter-output>
        </test-method> <!-- runScenario -->
        <test-method signature="runScenario(io.cucumber.testng.PickleWrapper,io.cucumber.testng.FeatureWrapper)[pri:0, instance:com.sqa.psikotes.framework.runner.TestRunner@2767e23c]" started-at="2022-10-09T19:04:13 WIB" name="runScenario" description="Runs Cucumber Scenarios" data-provider="scenarios" finished-at="2022-10-09T19:04:21 WIB" duration-ms="8797" status="PASS">
          <params>
            <param index="0">
              <value>
                <![CDATA["TSRA002001 Admin mencari data berdasarkan NIK, Nama, Email, Telpon"]]>
              </value>
            </param>
            <param index="1">
              <value>
                <![CDATA["TSRA002 Admin mencari data remove activity"]]>
              </value>
            </param>
          </params>
          <reporter-output>
          </reporter-output>
        </test-method> <!-- runScenario -->
        <test-method signature="runScenario(io.cucumber.testng.PickleWrapper,io.cucumber.testng.FeatureWrapper)[pri:0, instance:com.sqa.psikotes.framework.runner.TestRunner@2767e23c]" started-at="2022-10-09T19:04:21 WIB" name="runScenario" description="Runs Cucumber Scenarios" data-provider="scenarios" finished-at="2022-10-09T19:04:30 WIB" duration-ms="8802" status="PASS">
          <params>
            <param index="0">
              <value>
                <![CDATA["TSRA003001 Admin klik icon delete"]]>
              </value>
            </param>
            <param index="1">
              <value>
                <![CDATA["TSRA003 Admin menghapus data remove activity"]]>
              </value>
            </param>
          </params>
          <reporter-output>
          </reporter-output>
        </test-method> <!-- runScenario -->
        <test-method signature="runScenario(io.cucumber.testng.PickleWrapper,io.cucumber.testng.FeatureWrapper)[pri:0, instance:com.sqa.psikotes.framework.runner.TestRunner@2767e23c]" started-at="2022-10-09T19:04:30 WIB" name="runScenario" description="Runs Cucumber Scenarios" data-provider="scenarios" finished-at="2022-10-09T19:04:41 WIB" duration-ms="10877" status="PASS">
          <params>
            <param index="0">
              <value>
                <![CDATA["TSRA003002 Admin delete data"]]>
              </value>
            </param>
            <param index="1">
              <value>
                <![CDATA["TSRA003 Admin menghapus data remove activity"]]>
              </value>
            </param>
          </params>
          <reporter-output>
          </reporter-output>
        </test-method> <!-- runScenario -->
        <test-method signature="runScenario(io.cucumber.testng.PickleWrapper,io.cucumber.testng.FeatureWrapper)[pri:0, instance:com.sqa.psikotes.framework.runner.TestRunner@2767e23c]" started-at="2022-10-09T19:04:41 WIB" name="runScenario" description="Runs Cucumber Scenarios" data-provider="scenarios" finished-at="2022-10-09T19:04:49 WIB" duration-ms="7663" status="PASS">
          <params>
            <param index="0">
              <value>
                <![CDATA["TSRAN001001 Admin mencari data berdasarkan Value kosong, kombinasi, nilai, tipe modul, dan nama modul"]]>
              </value>
            </param>
            <param index="1">
              <value>
                <![CDATA["TSRAN001 Admin mencari data remove activity"]]>
              </value>
            </param>
          </params>
          <reporter-output>
          </reporter-output>
        </test-method> <!-- runScenario -->
        <test-method signature="runScenario(io.cucumber.testng.PickleWrapper,io.cucumber.testng.FeatureWrapper)[pri:0, instance:com.sqa.psikotes.framework.runner.TestRunner@2767e23c]" started-at="2022-10-09T19:04:49 WIB" name="runScenario" description="Runs Cucumber Scenarios" data-provider="scenarios" finished-at="2022-10-09T19:04:57 WIB" duration-ms="8735" status="PASS">
          <params>
            <param index="0">
              <value>
                <![CDATA["TSRAN001001 Admin mencari data berdasarkan Value kosong, kombinasi, nilai, tipe modul, dan nama modul"]]>
              </value>
            </param>
            <param index="1">
              <value>
                <![CDATA["TSRAN001 Admin mencari data remove activity"]]>
              </value>
            </param>
          </params>
          <reporter-output>
          </reporter-output>
        </test-method> <!-- runScenario -->
        <test-method signature="runScenario(io.cucumber.testng.PickleWrapper,io.cucumber.testng.FeatureWrapper)[pri:0, instance:com.sqa.psikotes.framework.runner.TestRunner@2767e23c]" started-at="2022-10-09T19:04:57 WIB" name="runScenario" description="Runs Cucumber Scenarios" data-provider="scenarios" finished-at="2022-10-09T19:05:06 WIB" duration-ms="8730" status="PASS">
          <params>
            <param index="0">
              <value>
                <![CDATA["TSRAN001001 Admin mencari data berdasarkan Value kosong, kombinasi, nilai, tipe modul, dan nama modul"]]>
              </value>
            </param>
            <param index="1">
              <value>
                <![CDATA["TSRAN001 Admin mencari data remove activity"]]>
              </value>
            </param>
          </params>
          <reporter-output>
          </reporter-output>
        </test-method> <!-- runScenario -->
        <test-method signature="runScenario(io.cucumber.testng.PickleWrapper,io.cucumber.testng.FeatureWrapper)[pri:0, instance:com.sqa.psikotes.framework.runner.TestRunner@2767e23c]" started-at="2022-10-09T19:05:06 WIB" name="runScenario" description="Runs Cucumber Scenarios" data-provider="scenarios" finished-at="2022-10-09T19:05:15 WIB" duration-ms="8741" status="PASS">
          <params>
            <param index="0">
              <value>
                <![CDATA["TSRAN001001 Admin mencari data berdasarkan Value kosong, kombinasi, nilai, tipe modul, dan nama modul"]]>
              </value>
            </param>
            <param index="1">
              <value>
                <![CDATA["TSRAN001 Admin mencari data remove activity"]]>
              </value>
            </param>
          </params>
          <reporter-output>
          </reporter-output>
        </test-method> <!-- runScenario -->
        <test-method signature="runScenario(io.cucumber.testng.PickleWrapper,io.cucumber.testng.FeatureWrapper)[pri:0, instance:com.sqa.psikotes.framework.runner.TestRunner@2767e23c]" started-at="2022-10-09T19:05:15 WIB" name="runScenario" description="Runs Cucumber Scenarios" data-provider="scenarios" finished-at="2022-10-09T19:05:24 WIB" duration-ms="8761" status="PASS">
          <params>
            <param index="0">
              <value>
                <![CDATA["TSRAN001001 Admin mencari data berdasarkan Value kosong, kombinasi, nilai, tipe modul, dan nama modul"]]>
              </value>
            </param>
            <param index="1">
              <value>
                <![CDATA["TSRAN001 Admin mencari data remove activity"]]>
              </value>
            </param>
          </params>
          <reporter-output>
          </reporter-output>
        </test-method> <!-- runScenario -->
        <test-method signature="runScenario(io.cucumber.testng.PickleWrapper,io.cucumber.testng.FeatureWrapper)[pri:0, instance:com.sqa.psikotes.framework.runner.TestRunner@2767e23c]" started-at="2022-10-09T19:05:24 WIB" name="runScenario" description="Runs Cucumber Scenarios" data-provider="scenarios" finished-at="2022-10-09T19:05:32 WIB" duration-ms="8766" status="PASS">
          <params>
            <param index="0">
              <value>
                <![CDATA["TSRAN002001 Admin klik tombol X"]]>
              </value>
            </param>
            <param index="1">
              <value>
                <![CDATA["TSRAN002 Tombol X"]]>
              </value>
            </param>
          </params>
          <reporter-output>
          </reporter-output>
        </test-method> <!-- runScenario -->
        <test-method signature="runScenario(io.cucumber.testng.PickleWrapper,io.cucumber.testng.FeatureWrapper)[pri:0, instance:com.sqa.psikotes.framework.runner.TestRunner@2767e23c]" started-at="2022-10-09T19:05:32 WIB" name="runScenario" description="Runs Cucumber Scenarios" data-provider="scenarios" finished-at="2022-10-09T19:05:38 WIB" duration-ms="5607" status="PASS">
          <params>
            <param index="0">
              <value>
                <![CDATA["TSLO002001N Admin membatalkan logout dari website"]]>
              </value>
            </param>
            <param index="1">
              <value>
                <![CDATA["TSLO002 Admin Logout"]]>
              </value>
            </param>
          </params>
          <reporter-output>
          </reporter-output>
        </test-method> <!-- runScenario -->
        <test-method signature="runScenario(io.cucumber.testng.PickleWrapper,io.cucumber.testng.FeatureWrapper)[pri:0, instance:com.sqa.psikotes.framework.runner.TestRunner@2767e23c]" started-at="2022-10-09T19:05:38 WIB" name="runScenario" description="Runs Cucumber Scenarios" data-provider="scenarios" finished-at="2022-10-09T19:05:44 WIB" duration-ms="5609" status="PASS">
          <params>
            <param index="0">
              <value>
                <![CDATA["TSLO002002N Admin membatalkan logout dari website"]]>
              </value>
            </param>
            <param index="1">
              <value>
                <![CDATA["TSLO002 Admin Logout"]]>
              </value>
            </param>
          </params>
          <reporter-output>
          </reporter-output>
        </test-method> <!-- runScenario -->
        <test-method signature="runScenario(io.cucumber.testng.PickleWrapper,io.cucumber.testng.FeatureWrapper)[pri:0, instance:com.sqa.psikotes.framework.runner.TestRunner@2767e23c]" started-at="2022-10-09T19:05:44 WIB" name="runScenario" description="Runs Cucumber Scenarios" data-provider="scenarios" finished-at="2022-10-09T19:05:49 WIB" duration-ms="5592" status="PASS">
          <params>
            <param index="0">
              <value>
                <![CDATA["TSLO002002 Admin berhasil logout dari website"]]>
              </value>
            </param>
            <param index="1">
              <value>
                <![CDATA["TSLO002 Admin Logout"]]>
              </value>
            </param>
          </params>
          <reporter-output>
          </reporter-output>
        </test-method> <!-- runScenario -->
        <test-method is-config="true" signature="tearDownClass()[pri:0, instance:com.sqa.psikotes.framework.runner.TestRunner@2767e23c]" started-at="2022-10-09T19:05:49 WIB" name="tearDownClass" finished-at="2022-10-09T19:05:50 WIB" duration-ms="344" status="PASS">
          <reporter-output>
          </reporter-output>
        </test-method> <!-- tearDownClass -->
      </class> <!-- com.sqa.psikotes.framework.runner.TestRunner -->
    </test> <!-- Default test -->
  </suite> <!-- Default suite -->
</testng-results>
